{"logLevel":"debug","message":"multithreading is set to false"}
{"logLevel":"debug","message":"Using reflection to scan dependencies for gauge implementations..."}
{"logLevel":"debug","message":"gauge-java took 367milliseconds to load and scan. This should be less than 'runner_connection_timeout' config value."}
{"logLevel":"debug","message":"run 'gauge config runner_connection_timeout' and verify that it is < 367"}
{"logLevel":"debug","message":"starting gRPC server..."}
{"logLevel":"debug","message":"started gRPC server on port 63085"}
{"logLevel":"info","message":"Listening on port:63085"}
{"logLevel":"debug","message":"Scanning packages for steps"}
{"logLevel":"debug","message":"Comparing 'steps.LoginSteps.enterText' and 'steps.LoginSteps.enterText'"}
{"logLevel":"debug","message":"Found {} elementine {} textini yaz in current project scope."}
{"logLevel":"debug","message":"Comparing 'steps.LoginSteps.verifyElementVisible' and 'steps.LoginSteps.verifyElementVisible'"}
{"logLevel":"debug","message":"Found {} elementi görünür mü in current project scope."}
{"logLevel":"debug","message":"Comparing 'steps.LoginSteps.clickElement' and 'steps.LoginSteps.clickElement'"}
{"logLevel":"debug","message":"Found {} elementine tıkla in current project scope."}
{"logLevel":"debug","message":"Comparing 'steps.LoginSteps.navigateToLoginPage' and 'steps.LoginSteps.navigateToLoginPage'"}
{"logLevel":"debug","message":"Found Login sayfasına git in current project scope."}
{"logLevel":"debug","message":"Scanning packages for hooks"}
{"logLevel":"debug","message":"Scanned steps (using static parsing + reflections): "}
{"logLevel":"debug","message":"\t{} elementine tıkla : public void clickElement(String key)"}
{"logLevel":"debug","message":"\t{} elementine {} textini yaz : public void enterText(String key, String text)"}
{"logLevel":"debug","message":"\t{} elementi görünür mü : public void verifyElementVisible(String key)"}
{"logLevel":"debug","message":"\tLogin sayfasına git : public void navigateToLoginPage()"}
{"logLevel":"debug","message":"Killing Java runner..."}
{"logLevel":"debug","message":"Stopping execution pool..."}
{"logLevel":"debug","message":"Shutting down grpc server..."}
{"logLevel":"debug","message":"Runner killed gracefully."}
