{"logLevel":"debug","message":"multithreading is set to false"}
{"logLevel":"debug","message":"Using reflection to scan dependencies for gauge implementations..."}
SLF4J: No SLF4J providers were found.
SLF4J: Defaulting to no-operation (NOP) logger implementation
SLF4J: See https://www.slf4j.org/codes.html#noProviders for further details.
log4j:WARN No appenders could be found for logger (io.grpc.netty.shaded.io.netty.util.internal.logging.InternalLoggerFactory).
log4j:WARN Please initialize the log4j system properly.
log4j:WARN See http://logging.apache.org/log4j/1.2/faq.html#noconfig for more info.
{"logLevel":"debug","message":"gauge-java took 533milliseconds to load and scan. This should be less than 'runner_connection_timeout' config value."}
{"logLevel":"debug","message":"run 'gauge config runner_connection_timeout' and verify that it is < 533"}
{"logLevel":"debug","message":"starting gRPC server..."}
{"logLevel":"debug","message":"started gRPC server on port 60448"}
{"logLevel":"info","message":"Listening on port:60448"}
{"logLevel":"debug","message":"Scanning packages for steps"}
{"logLevel":"debug","message":"Comparing 'steps.LoginSteps.enterText' and 'steps.LoginSteps.enterText'"}
{"logLevel":"debug","message":"Found {} elementine {} textini yaz in current project scope."}
{"logLevel":"debug","message":"Comparing 'steps.LoginSteps.waitForElementToBeVisible' and 'steps.LoginSteps.waitForElementToBeVisible'"}
{"logLevel":"debug","message":"Found {} elementi görüntülenene kadar bekle in current project scope."}
{"logLevel":"debug","message":"Comparing 'steps.LoginSteps.wait' and 'steps.LoginSteps.wait'"}
{"logLevel":"debug","message":"Found Bekleme {} milisaniye in current project scope."}
{"logLevel":"debug","message":"Comparing 'steps.LoginSteps.dinamikCalculation' and 'steps.LoginSteps.dinamikCalculation'"}
{"logLevel":"debug","message":"Found {}{}{} elementi görünür mü in current project scope."}
{"logLevel":"debug","message":"Comparing 'steps.LoginSteps.navigateToLoginPage' and 'steps.LoginSteps.navigateToLoginPage'"}
{"logLevel":"debug","message":"Found Hesap Makinesi Login sayfasına git in current project scope."}
{"logLevel":"debug","message":"Comparing 'steps.LoginSteps.verifyElementVisible' and 'steps.LoginSteps.verifyElementVisible'"}
{"logLevel":"debug","message":"Found {} elementi görünür mü in current project scope."}
{"logLevel":"debug","message":"Comparing 'steps.LoginSteps.clickElement' and 'steps.LoginSteps.clickElement'"}
{"logLevel":"debug","message":"Found {} elementine tıkla in current project scope."}
{"logLevel":"debug","message":"Scanning packages for hooks"}
{"logLevel":"debug","message":"Scanned steps (using static parsing + reflections): "}
{"logLevel":"debug","message":"\t{} elementi görüntülenene kadar bekle : public void waitForElementToBeVisible(String elementName)"}
{"logLevel":"debug","message":"\tHesap Makinesi Login sayfasına git : public void navigateToLoginPage()"}
{"logLevel":"debug","message":"\t{} elementine tıkla : public void clickElement(String key)"}
{"logLevel":"debug","message":"\t{} elementine {} textini yaz : public void enterText(String key, String text)"}
{"logLevel":"debug","message":"\t{} elementi görünür mü : public void verifyElementVisible(String key)"}
{"logLevel":"debug","message":"\t{}{}{} elementi görünür mü : public void dinamikCalculation(String number1, String operation, String number2)"}
{"logLevel":"debug","message":"\tBekleme {} milisaniye : public void wait(ınt milliseconds) throws InterruptedException"}
{"logLevel":"debug","message":"Killing Java runner..."}
{"logLevel":"debug","message":"Stopping execution pool..."}
{"logLevel":"debug","message":"Shutting down grpc server..."}
{"logLevel":"debug","message":"Runner killed gracefully."}
